<?xml version="1.0" encoding="UTF-8"?>
<!-- Generated by org.testng.reporters.JUnitReportReporter -->
<testsuite skipped="0" hostname="DESKTOP-T3O7D1B" name="vinayacademy.ErrorValidations" tests="1" failures="0" timestamp="09 Mar 2023 12:19:06 GMT" time="17.025" errors="0">
  <testcase name="submitorder" time="17.025" classname="vinayacademy.ErrorValidations"/>
</testsuite> <!-- vinayacademy.ErrorValidations -->
